[03:52:02] [ServerMain/INFO]: [bootstrap] Running Java 21 (Java HotSpot(TM) 64-Bit Server VM 21.0.6+8-LTS-188; Oracle Corporation null) on Windows 11 10.0 (amd64)
[03:52:02] [ServerMain/INFO]: [bootstrap] Loading Paper 1.21.8-17-main@dbc367b (2025-07-26T21:53:33Z) for Minecraft 1.21.8
[03:52:03] [ServerMain/INFO]: [PluginInitializerManager] Initializing plugins...
[03:52:03] [Paper Plugin Remapper Thread - 2/INFO]: [PluginRemapper] Remapping plugin 'plugins\Psychic.jar'...
[03:52:04] [Paper Plugin Remapper Thread - 2/INFO]: [PluginRemapper] Done remapping plugin 'plugins\Psychic.jar' in 872ms.
[03:52:04] [ServerMain/INFO]: [PluginInitializerManager] Initialized 1 plugin
[03:52:04] [ServerMain/INFO]: [PluginInitializerManager] Bukkit plugins (1):
 - Psychic (0)
[03:52:07] [ServerMain/INFO]: Environment: Environment[sessionHost=https://sessionserver.mojang.com, servicesHost=https://api.minecraftservices.com, name=PROD]
[03:52:07] [ServerMain/INFO]: Loaded 1407 recipes
[03:52:08] [ServerMain/INFO]: Loaded 1520 advancements
[03:52:08] [ServerMain/INFO]: [ca.spottedleaf.dataconverter.minecraft.datatypes.MCTypeRegistry] Initialising converters for DataConverter...
[03:52:08] [ServerMain/INFO]: [ca.spottedleaf.dataconverter.minecraft.datatypes.MCTypeRegistry] Finished initialising converters for DataConverter in 199.9ms
[03:52:08] [Server thread/INFO]: Starting minecraft server version 1.21.8
[03:52:08] [Server thread/INFO]: Loading properties
[03:52:08] [Server thread/INFO]: This server is running Paper version 1.21.8-17-main@dbc367b (2025-07-26T21:53:33Z) (Implementing API version 1.21.8-R0.1-SNAPSHOT)
[03:52:08] [Server thread/INFO]: [spark] This server bundles the spark profiler. For more information please visit https://docs.papermc.io/paper/profiling
[03:52:08] [Server thread/INFO]: Server Ping Player Sample Count: 12
[03:52:08] [Server thread/INFO]: Using 4 threads for Netty based IO
[03:52:08] [Server thread/INFO]: [MoonriseCommon] Paper is using 5 worker threads, 1 I/O threads
[03:52:08] [Server thread/INFO]: [ChunkTaskScheduler] Chunk system is using population gen parallelism: true
[03:52:09] [Server thread/INFO]: Default game type: SURVIVAL
[03:52:09] [Server thread/INFO]: Generating keypair
[03:52:09] [Server thread/INFO]: Starting Minecraft server on *:25565
[03:52:09] [Server thread/INFO]: Using default channel type
[03:52:09] [Server thread/INFO]: Paper: Using Java compression from Velocity.
[03:52:09] [Server thread/INFO]: Paper: Using Java cipher from Velocity.
[03:52:09] [Server thread/INFO]: [Psychic] Loading server plugin Psychic v0
[03:52:09] [Server thread/INFO]: Server permissions file permissions.yml is empty, ignoring it
[03:52:09] [Server thread/INFO]: Preparing level "world"
[03:52:09] [Server thread/INFO]: Preparing start region for dimension minecraft:overworld
[03:52:09] [Server thread/INFO]: Preparing spawn area: 0%
[03:52:10] [Server thread/INFO]: Preparing spawn area: 0%
[03:52:10] [Server thread/INFO]: Time elapsed: 600 ms
[03:52:10] [Server thread/INFO]: Preparing start region for dimension minecraft:the_nether
[03:52:10] [Server thread/INFO]: Preparing spawn area: 0%
[03:52:10] [Server thread/INFO]: Time elapsed: 108 ms
[03:52:10] [Server thread/INFO]: Preparing start region for dimension minecraft:the_end
[03:52:10] [Server thread/INFO]: Preparing spawn area: 0%
[03:52:10] [Server thread/INFO]: Time elapsed: 48 ms
[03:52:10] [Server thread/INFO]: [Psychic] Enabling Psychic v0
[03:52:10] [Server thread/INFO]: [Psychic] Psychic 플러그인 활성화됨
[03:52:11] [Server thread/INFO]: [org.reflections.Reflections] Reflections took 891 ms to scan 121 urls, producing 10296 keys and 73626 values
[03:52:11] [Server thread/INFO]: [spark] Starting background profiler...
[03:52:11] [Server thread/INFO]: [spark] The async-profiler engine is not supported for your os/arch (windows11/amd64), so the built-in Java engine will be used instead.
[03:52:11] [Server thread/INFO]: Done preparing level "world" (2.272s)
[03:52:11] [Server thread/INFO]: Running delayed init tasks
[03:52:11] [Server thread/INFO]: Done (9.210s)! For help, type "help"
[03:52:13] [User Authenticator #0/INFO]: UUID of player rkdgus127 is 64431e45-b490-43e6-9a6a-1394752f85ac
[03:52:14] [Server thread/INFO]: rkdgus127 joined the game
[03:52:14] [Server thread/INFO]: rkdgus127[/127.0.0.1:57164] logged in with entity id 100 at ([world]49.488025804405815, 64.0, -135.77191477266237)
[03:52:25] [Server thread/INFO]: [org.reflections.Reflections] Reflections took 567 ms to scan 121 urls, producing 10296 keys and 73626 values
[03:52:28] [Server thread/INFO]: rkdgus127 issued server command: /psy attach magic-archery rkdgus127
[03:52:28] [Server thread/INFO]: [org.reflections.Reflections] Reflections took 10 ms to scan 1 urls, producing 4 keys and 36 values
[03:52:28] [Server thread/INFO]: rkdgus127's Ability = MagicArchery
[03:52:54] [Server thread/INFO]: rkdgus127 issued server command: /psy attach head-hunter rkdgus127
[03:52:54] [Server thread/INFO]: [org.reflections.Reflections] Reflections took 2 ms to scan 1 urls, producing 4 keys and 36 values
[03:52:54] [Server thread/INFO]: rkdgus127's Ability = HeadHunter, MagicArchery
[03:53:08] [Server thread/INFO]: [rkdgus127: Set own game mode to Creative Mode]
[03:53:48] [Server thread/INFO]: rkdgus127 issued server command: /summon minecraft:villager
[03:53:48] [Server thread/INFO]: [rkdgus127: Summoned new Villager]
[03:53:56] [Server thread/INFO]: Villager Villager['Villager'/1067, uuid='e02d36da-e3de-4df3-9290-a756246592ad', l='ServerLevel[world]', x=-24.35, y=71.00, z=-328.36, cpos=[-2, -21], tl=157, v=true] died, message: 'Villager was slain by rkdgus127'
[03:57:10] [Server thread/INFO]: [STDOUT] [org.spigotmc.RestartCommand] Startup script './start.sh' does not exist! Stopping server.
[03:57:10] [Server thread/INFO]: rkdgus127 lost connection: Server is restarting
[03:57:10] [Server thread/INFO]: rkdgus127 left the game
[03:57:10] [Server thread/INFO]: Stopping server
[03:57:10] [Server thread/INFO]: [Psychic] Disabling Psychic v0
[03:57:10] [Server thread/INFO]: [Psychic] Psychic 플러그인 비활성화됨
[03:57:10] [Server thread/INFO]: Saving players
[03:57:10] [Server thread/INFO]: Saving worlds
[03:57:10] [Server thread/INFO]: Saving chunks for level 'ServerLevel[world]'/minecraft:overworld
[03:57:10] [Server thread/INFO]: [ChunkHolderManager] Waiting 60s for chunk system to halt for world 'world'
[03:57:10] [Server thread/INFO]: [ChunkHolderManager] Halted chunk system for world 'world'
[03:57:10] [Server thread/INFO]: [ChunkHolderManager] Saving all chunkholders for world 'world'
[03:57:11] [Server thread/INFO]: [ChunkHolderManager] Saved 2174 block chunks, 1218 entity chunks, 13 poi chunks in world 'world' in 0.41s
[03:57:11] [Server thread/INFO]: [ChunkHolderManager] Waiting 60s for chunk I/O to halt for world 'world'
[03:57:11] [Server thread/INFO]: [ChunkHolderManager] Halted I/O scheduler for world 'world'
[03:57:11] [Server thread/INFO]: Saving chunks for level 'ServerLevel[world_nether]'/minecraft:the_nether
[03:57:11] [Server thread/INFO]: [ChunkHolderManager] Waiting 60s for chunk system to halt for world 'world_nether'
[03:57:11] [Server thread/INFO]: [ChunkHolderManager] Halted chunk system for world 'world_nether'
[03:57:11] [Server thread/INFO]: [ChunkHolderManager] Saving all chunkholders for world 'world_nether'
[03:57:11] [Server thread/INFO]: [ChunkHolderManager] Saved 49 block chunks, 49 entity chunks, 0 poi chunks in world 'world_nether' in 0.01s
[03:57:11] [Server thread/INFO]: [ChunkHolderManager] Waiting 60s for chunk I/O to halt for world 'world_nether'
[03:57:11] [Server thread/INFO]: [ChunkHolderManager] Halted I/O scheduler for world 'world_nether'
[03:57:11] [Server thread/INFO]: Saving chunks for level 'ServerLevel[world_the_end]'/minecraft:the_end
[03:57:11] [Server thread/INFO]: [ChunkHolderManager] Waiting 60s for chunk system to halt for world 'world_the_end'
[03:57:11] [Server thread/INFO]: [ChunkHolderManager] Halted chunk system for world 'world_the_end'
[03:57:11] [Server thread/INFO]: [ChunkHolderManager] Saving all chunkholders for world 'world_the_end'
[03:57:11] [Server thread/INFO]: [ChunkHolderManager] Saved 49 block chunks, 49 entity chunks, 0 poi chunks in world 'world_the_end' in 0.01s
[03:57:11] [Server thread/INFO]: [ChunkHolderManager] Waiting 60s for chunk I/O to halt for world 'world_the_end'
[03:57:11] [Server thread/INFO]: [ChunkHolderManager] Halted I/O scheduler for world 'world_the_end'
[03:57:11] [Server thread/INFO]: ThreadedAnvilChunkStorage (world): All chunks are saved
[03:57:11] [Server thread/INFO]: ThreadedAnvilChunkStorage (DIM-1): All chunks are saved
[03:57:11] [Server thread/INFO]: ThreadedAnvilChunkStorage (DIM1): All chunks are saved
[03:57:11] [Server thread/INFO]: ThreadedAnvilChunkStorage: All dimensions are saved
[03:57:11] [Server thread/INFO]: Waiting for all RegionFile I/O tasks to complete...
[03:57:11] [Server thread/INFO]: All RegionFile I/O tasks to complete
[03:57:11] [Server thread/INFO]: [MoonriseCommon] Awaiting termination of worker pool for up to 60s...
[03:57:11] [Server thread/INFO]: [MoonriseCommon] Awaiting termination of I/O pool for up to 60s...
